2025-04-16 09:51:54,918 [DEBUG] NativeEvent(path="/Users/raghurambanda/Automation-Code-SorcererX/logs", inode=114934908, flags=28100, id=288678699): is_created, is_directory, is_xattr_mod
2025-04-16 09:51:54,919 [DEBUG] NativeEvent(path="/Users/raghurambanda/Automation-Code-SorcererX/logs/app.log", inode=114934909, flags=18100, id=288678705): is_created, is_file, is_xattr_mod
2025-04-16 09:51:54,919 [DEBUG] NativeEvent(path="/Users/raghurambanda/Automation-Code-SorcererX/cloned_repos", inode=114934910, flags=28100, id=288678711): is_created, is_directory, is_xattr_mod
2025-04-16 09:51:54,919 [DEBUG] queue_event DirCreatedEvent(src_path='/Users/raghurambanda/Automation-Code-SorcererX/logs', dest_path='', event_type='created', is_directory=True, is_synthetic=False)
2025-04-16 09:51:54,920 [DEBUG] queue_event DirModifiedEvent(src_path='/Users/raghurambanda/Automation-Code-SorcererX', dest_path='', event_type='modified', is_directory=True, is_synthetic=False)
2025-04-16 09:51:54,920 [DEBUG] queue_event DirModifiedEvent(src_path='/Users/raghurambanda/Automation-Code-SorcererX/logs', dest_path='', event_type='modified', is_directory=True, is_synthetic=False)
2025-04-16 09:51:54,920 [DEBUG] queue_event FileCreatedEvent(src_path='/Users/raghurambanda/Automation-Code-SorcererX/logs/app.log', dest_path='', event_type='created', is_directory=False, is_synthetic=False)
2025-04-16 09:51:54,920 [DEBUG] queue_event DirModifiedEvent(src_path='/Users/raghurambanda/Automation-Code-SorcererX/logs', dest_path='', event_type='modified', is_directory=True, is_synthetic=False)
2025-04-16 09:51:54,920 [DEBUG] queue_event FileModifiedEvent(src_path='/Users/raghurambanda/Automation-Code-SorcererX/logs/app.log', dest_path='', event_type='modified', is_directory=False, is_synthetic=False)
2025-04-16 09:51:54,920 [DEBUG] queue_event DirCreatedEvent(src_path='/Users/raghurambanda/Automation-Code-SorcererX/cloned_repos', dest_path='', event_type='created', is_directory=True, is_synthetic=False)
2025-04-16 09:51:54,920 [DEBUG] queue_event DirModifiedEvent(src_path='/Users/raghurambanda/Automation-Code-SorcererX', dest_path='', event_type='modified', is_directory=True, is_synthetic=False)
2025-04-16 09:51:54,920 [DEBUG] queue_event DirModifiedEvent(src_path='/Users/raghurambanda/Automation-Code-SorcererX/cloned_repos', dest_path='', event_type='modified', is_directory=True, is_synthetic=False)
2025-04-16 09:51:58,143 [DEBUG] connect_tcp.started host='localhost' port=11434 local_address=None timeout=None socket_options=None
2025-04-16 09:51:58,145 [DEBUG] connect_tcp.complete return_value=<httpcore._backends.sync.SyncStream object at 0x121e262c0>
2025-04-16 09:51:58,145 [DEBUG] send_request_headers.started request=<Request [b'GET']>
2025-04-16 09:51:58,145 [DEBUG] send_request_headers.complete
2025-04-16 09:51:58,145 [DEBUG] send_request_body.started request=<Request [b'GET']>
2025-04-16 09:51:58,145 [DEBUG] send_request_body.complete
2025-04-16 09:51:58,145 [DEBUG] receive_response_headers.started request=<Request [b'GET']>
2025-04-16 09:51:58,150 [DEBUG] receive_response_headers.complete return_value=(b'HTTP/1.1', 200, b'OK', [(b'Content-Type', b'application/json; charset=utf-8'), (b'Date', b'Wed, 16 Apr 2025 13:51:58 GMT'), (b'Transfer-Encoding', b'chunked')])
2025-04-16 09:51:58,150 [INFO] HTTP Request: GET http://localhost:11434/api/tags "HTTP/1.1 200 OK"
2025-04-16 09:51:58,150 [DEBUG] receive_response_body.started request=<Request [b'GET']>
2025-04-16 09:51:58,153 [DEBUG] receive_response_body.complete
2025-04-16 09:51:58,153 [DEBUG] response_closed.started
2025-04-16 09:51:58,153 [DEBUG] response_closed.complete
2025-04-16 09:52:00,018 [DEBUG] connect_tcp.started host='localhost' port=11434 local_address=None timeout=None socket_options=None
2025-04-16 09:52:00,018 [DEBUG] connect_tcp.complete return_value=<httpcore._backends.sync.SyncStream object at 0x121e25990>
2025-04-16 09:52:00,019 [DEBUG] send_request_headers.started request=<Request [b'GET']>
2025-04-16 09:52:00,019 [DEBUG] send_request_headers.complete
2025-04-16 09:52:00,019 [DEBUG] send_request_body.started request=<Request [b'GET']>
2025-04-16 09:52:00,019 [DEBUG] send_request_body.complete
2025-04-16 09:52:00,019 [DEBUG] receive_response_headers.started request=<Request [b'GET']>
2025-04-16 09:52:00,024 [DEBUG] receive_response_headers.complete return_value=(b'HTTP/1.1', 200, b'OK', [(b'Content-Type', b'application/json; charset=utf-8'), (b'Date', b'Wed, 16 Apr 2025 13:52:00 GMT'), (b'Transfer-Encoding', b'chunked')])
2025-04-16 09:52:00,024 [INFO] HTTP Request: GET http://localhost:11434/api/tags "HTTP/1.1 200 OK"
2025-04-16 09:52:00,024 [DEBUG] receive_response_body.started request=<Request [b'GET']>
2025-04-16 09:52:00,024 [DEBUG] receive_response_body.complete
2025-04-16 09:52:00,025 [DEBUG] response_closed.started
2025-04-16 09:52:00,025 [DEBUG] response_closed.complete
2025-04-16 10:01:45,928 [DEBUG] NativeEvent(path="/Users/raghurambanda/Automation-Code-SorcererX/.git/FETCH_HEAD", inode=114782642, flags=11400, id=288708604): is_file, is_inode_meta_mod, is_modified
2025-04-16 10:01:45,928 [DEBUG] queue_event FileModifiedEvent(src_path='/Users/raghurambanda/Automation-Code-SorcererX/.git/FETCH_HEAD', dest_path='', event_type='modified', is_directory=False, is_synthetic=False)
2025-04-16 10:01:46,194 [DEBUG] NativeEvent(path="/Users/raghurambanda/Automation-Code-SorcererX/.git/FETCH_HEAD", inode=114782642, flags=11400, id=288708788): is_file, is_inode_meta_mod, is_modified
2025-04-16 10:01:46,195 [DEBUG] queue_event FileModifiedEvent(src_path='/Users/raghurambanda/Automation-Code-SorcererX/.git/FETCH_HEAD', dest_path='', event_type='modified', is_directory=False, is_synthetic=False)
2025-04-16 10:01:46,211 [DEBUG] NativeEvent(path="/Users/raghurambanda/Automation-Code-SorcererX/.git/objects/maintenance.lock", inode=114936497, flags=10300, id=288708797): is_coalesced, is_created, is_file, is_removed
2025-04-16 10:01:46,211 [DEBUG] queue_event FileCreatedEvent(src_path='/Users/raghurambanda/Automation-Code-SorcererX/.git/objects/maintenance.lock', dest_path='', event_type='created', is_directory=False, is_synthetic=False)
2025-04-16 10:01:46,211 [DEBUG] queue_event DirModifiedEvent(src_path='/Users/raghurambanda/Automation-Code-SorcererX/.git/objects', dest_path='', event_type='modified', is_directory=True, is_synthetic=False)
2025-04-16 10:01:46,211 [DEBUG] queue_event FileDeletedEvent(src_path='/Users/raghurambanda/Automation-Code-SorcererX/.git/objects/maintenance.lock', dest_path='', event_type='deleted', is_directory=False, is_synthetic=False)
2025-04-16 10:01:46,212 [DEBUG] queue_event DirModifiedEvent(src_path='/Users/raghurambanda/Automation-Code-SorcererX/.git/objects', dest_path='', event_type='modified', is_directory=True, is_synthetic=False)
2025-04-16 10:01:49,174 [DEBUG] NativeEvent(path="/Users/raghurambanda/Automation-Code-SorcererX/app.py", inode=114800806, flags=11400, id=288708995): is_file, is_inode_meta_mod, is_modified
2025-04-16 10:01:49,174 [DEBUG] queue_event FileModifiedEvent(src_path='/Users/raghurambanda/Automation-Code-SorcererX/app.py', dest_path='', event_type='modified', is_directory=False, is_synthetic=False)
2025-04-16 10:02:34,722 [DEBUG] NativeEvent(path="/Users/raghurambanda/Automation-Code-SorcererX/app.py", inode=114800806, flags=11400, id=288712848): is_file, is_inode_meta_mod, is_modified
2025-04-16 10:02:34,722 [DEBUG] queue_event FileModifiedEvent(src_path='/Users/raghurambanda/Automation-Code-SorcererX/app.py', dest_path='', event_type='modified', is_directory=False, is_synthetic=False)
2025-04-16 10:03:14,785 [DEBUG] NativeEvent(path="/Users/raghurambanda/Automation-Code-SorcererX/app.py", inode=114800806, flags=11400, id=288716193): is_file, is_inode_meta_mod, is_modified
2025-04-16 10:03:14,785 [DEBUG] queue_event FileModifiedEvent(src_path='/Users/raghurambanda/Automation-Code-SorcererX/app.py', dest_path='', event_type='modified', is_directory=False, is_synthetic=False)
2025-04-16 10:04:29,470 [DEBUG] NativeEvent(path="/Users/raghurambanda/Automation-Code-SorcererX/app.py", inode=114800806, flags=11400, id=288720108): is_file, is_inode_meta_mod, is_modified
2025-04-16 10:04:29,470 [DEBUG] queue_event FileModifiedEvent(src_path='/Users/raghurambanda/Automation-Code-SorcererX/app.py', dest_path='', event_type='modified', is_directory=False, is_synthetic=False)
